execve("/home/codespace/.python/current/bin/python3", ["python3", "./hello.py"], 0x7ffd16dd12b8 /* 133 vars */) = 0
brk(NULL)                               = 0x556bda56c000
arch_prctl(0x3001 /* ARCH_??? */, 0x7fff691d96b0) = -1 EINVAL (Invalid argument)
access("/etc/ld.so.preload", R_OK)      = -1 ENOENT (No such file or directory)
openat(AT_FDCWD, "/etc/ld.so.cache", O_RDONLY|O_CLOEXEC) = 3
fstat(3, {st_mode=S_IFREG|0644, st_size=38391, ...}) = 0
mmap(NULL, 38391, PROT_READ, MAP_PRIVATE, 3, 0) = 0x7f676ceaf000
close(3)                                = 0
openat(AT_FDCWD, "/lib/x86_64-linux-gnu/libpthread.so.0", O_RDONLY|O_CLOEXEC) = 3
read(3, "\177ELF\2\1\1\0\0\0\0\0\0\0\0\0\3\0>\0\1\0\0\0\220q\0\0\0\0\0\0"..., 832) = 832
pread64(3, "\4\0\0\0\24\0\0\0\3\0\0\0GNU\0{E6\364\34\332\245\210\204\10\350-\0106\343="..., 68, 824) = 68
fstat(3, {st_mode=S_IFREG|0755, st_size=157224, ...}) = 0
mmap(NULL, 8192, PROT_READ|PROT_WRITE, MAP_PRIVATE|MAP_ANONYMOUS, -1, 0) = 0x7f676cead000
pread64(3, "\4\0\0\0\24\0\0\0\3\0\0\0GNU\0{E6\364\34\332\245\210\204\10\350-\0106\343="..., 68, 824) = 68
mmap(NULL, 140408, PROT_READ, MAP_PRIVATE|MAP_DENYWRITE, 3, 0) = 0x7f676ce8a000
mmap(0x7f676ce90000, 69632, PROT_READ|PROT_EXEC, MAP_PRIVATE|MAP_FIXED|MAP_DENYWRITE, 3, 0x6000) = 0x7f676ce90000
mmap(0x7f676cea1000, 24576, PROT_READ, MAP_PRIVATE|MAP_FIXED|MAP_DENYWRITE, 3, 0x17000) = 0x7f676cea1000
mmap(0x7f676cea7000, 8192, PROT_READ|PROT_WRITE, MAP_PRIVATE|MAP_FIXED|MAP_DENYWRITE, 3, 0x1c000) = 0x7f676cea7000
mmap(0x7f676cea9000, 13432, PROT_READ|PROT_WRITE, MAP_PRIVATE|MAP_FIXED|MAP_ANONYMOUS, -1, 0) = 0x7f676cea9000
close(3)                                = 0
openat(AT_FDCWD, "/lib/x86_64-linux-gnu/libdl.so.2", O_RDONLY|O_CLOEXEC) = 3
read(3, "\177ELF\2\1\1\0\0\0\0\0\0\0\0\0\3\0>\0\1\0\0\0 \22\0\0\0\0\0\0"..., 832) = 832
fstat(3, {st_mode=S_IFREG|0644, st_size=18848, ...}) = 0
mmap(NULL, 20752, PROT_READ, MAP_PRIVATE|MAP_DENYWRITE, 3, 0) = 0x7f676ce84000
mmap(0x7f676ce85000, 8192, PROT_READ|PROT_EXEC, MAP_PRIVATE|MAP_FIXED|MAP_DENYWRITE, 3, 0x1000) = 0x7f676ce85000
mmap(0x7f676ce87000, 4096, PROT_READ, MAP_PRIVATE|MAP_FIXED|MAP_DENYWRITE, 3, 0x3000) = 0x7f676ce87000
mmap(0x7f676ce88000, 8192, PROT_READ|PROT_WRITE, MAP_PRIVATE|MAP_FIXED|MAP_DENYWRITE, 3, 0x3000) = 0x7f676ce88000
close(3)                                = 0
openat(AT_FDCWD, "/lib/x86_64-linux-gnu/libutil.so.1", O_RDONLY|O_CLOEXEC) = 3
read(3, "\177ELF\2\1\1\0\0\0\0\0\0\0\0\0\3\0>\0\1\0\0\0\340\23\0\0\0\0\0\0"..., 832) = 832
fstat(3, {st_mode=S_IFREG|0644, st_size=14880, ...}) = 0
mmap(NULL, 16656, PROT_READ, MAP_PRIVATE|MAP_DENYWRITE, 3, 0) = 0x7f676ce7f000
mmap(0x7f676ce80000, 4096, PROT_READ|PROT_EXEC, MAP_PRIVATE|MAP_FIXED|MAP_DENYWRITE, 3, 0x1000) = 0x7f676ce80000
mmap(0x7f676ce81000, 4096, PROT_READ, MAP_PRIVATE|MAP_FIXED|MAP_DENYWRITE, 3, 0x2000) = 0x7f676ce81000
mmap(0x7f676ce82000, 8192, PROT_READ|PROT_WRITE, MAP_PRIVATE|MAP_FIXED|MAP_DENYWRITE, 3, 0x2000) = 0x7f676ce82000
close(3)                                = 0
openat(AT_FDCWD, "/lib/x86_64-linux-gnu/libm.so.6", O_RDONLY|O_CLOEXEC) = 3
read(3, "\177ELF\2\1\1\3\0\0\0\0\0\0\0\0\3\0>\0\1\0\0\0\300\323\0\0\0\0\0\0"..., 832) = 832
fstat(3, {st_mode=S_IFREG|0644, st_size=1369384, ...}) = 0
mmap(NULL, 1368336, PROT_READ, MAP_PRIVATE|MAP_DENYWRITE, 3, 0) = 0x7f676cd30000
mmap(0x7f676cd3d000, 684032, PROT_READ|PROT_EXEC, MAP_PRIVATE|MAP_FIXED|MAP_DENYWRITE, 3, 0xd000) = 0x7f676cd3d000
mmap(0x7f676cde4000, 626688, PROT_READ, MAP_PRIVATE|MAP_FIXED|MAP_DENYWRITE, 3, 0xb4000) = 0x7f676cde4000
mmap(0x7f676ce7d000, 8192, PROT_READ|PROT_WRITE, MAP_PRIVATE|MAP_FIXED|MAP_DENYWRITE, 3, 0x14c000) = 0x7f676ce7d000
close(3)                                = 0
openat(AT_FDCWD, "/lib/x86_64-linux-gnu/libc.so.6", O_RDONLY|O_CLOEXEC) = 3
read(3, "\177ELF\2\1\1\3\0\0\0\0\0\0\0\0\3\0>\0\1\0\0\0\300A\2\0\0\0\0\0"..., 832) = 832
pread64(3, "\6\0\0\0\4\0\0\0@\0\0\0\0\0\0\0@\0\0\0\0\0\0\0@\0\0\0\0\0\0\0"..., 784, 64) = 784
pread64(3, "\4\0\0\0\20\0\0\0\5\0\0\0GNU\0\2\0\0\300\4\0\0\0\3\0\0\0\0\0\0\0", 32, 848) = 32
pread64(3, "\4\0\0\0\24\0\0\0\3\0\0\0GNU\0\30x\346\264ur\f|Q\226\236i\253-'o"..., 68, 880) = 68
fstat(3, {st_mode=S_IFREG|0755, st_size=2029592, ...}) = 0
pread64(3, "\6\0\0\0\4\0\0\0@\0\0\0\0\0\0\0@\0\0\0\0\0\0\0@\0\0\0\0\0\0\0"..., 784, 64) = 784
pread64(3, "\4\0\0\0\20\0\0\0\5\0\0\0GNU\0\2\0\0\300\4\0\0\0\3\0\0\0\0\0\0\0", 32, 848) = 32
pread64(3, "\4\0\0\0\24\0\0\0\3\0\0\0GNU\0\30x\346\264ur\f|Q\226\236i\253-'o"..., 68, 880) = 68
mmap(NULL, 2037344, PROT_READ, MAP_PRIVATE|MAP_DENYWRITE, 3, 0) = 0x7f676cb3e000
mmap(0x7f676cb60000, 1540096, PROT_READ|PROT_EXEC, MAP_PRIVATE|MAP_FIXED|MAP_DENYWRITE, 3, 0x22000) = 0x7f676cb60000
mmap(0x7f676ccd8000, 319488, PROT_READ, MAP_PRIVATE|MAP_FIXED|MAP_DENYWRITE, 3, 0x19a000) = 0x7f676ccd8000
mmap(0x7f676cd26000, 24576, PROT_READ|PROT_WRITE, MAP_PRIVATE|MAP_FIXED|MAP_DENYWRITE, 3, 0x1e7000) = 0x7f676cd26000
mmap(0x7f676cd2c000, 13920, PROT_READ|PROT_WRITE, MAP_PRIVATE|MAP_FIXED|MAP_ANONYMOUS, -1, 0) = 0x7f676cd2c000
close(3)                                = 0
mmap(NULL, 8192, PROT_READ|PROT_WRITE, MAP_PRIVATE|MAP_ANONYMOUS, -1, 0) = 0x7f676cb3c000
arch_prctl(ARCH_SET_FS, 0x7f676cb3d280) = 0
mprotect(0x7f676cd26000, 16384, PROT_READ) = 0
mprotect(0x7f676ce7d000, 4096, PROT_READ) = 0
mprotect(0x7f676ce82000, 4096, PROT_READ) = 0
mprotect(0x7f676ce88000, 4096, PROT_READ) = 0
mprotect(0x7f676cea7000, 4096, PROT_READ) = 0
mprotect(0x556bd88da000, 20480, PROT_READ) = 0
mprotect(0x7f676cee6000, 4096, PROT_READ) = 0
munmap(0x7f676ceaf000, 38391)           = 0
set_tid_address(0x7f676cb3d550)         = 18642
set_robust_list(0x7f676cb3d560, 24)     = 0
rt_sigaction(SIGRTMIN, {sa_handler=0x7f676ce90bf0, sa_mask=[], sa_flags=SA_RESTORER|SA_SIGINFO, sa_restorer=0x7f676ce9e420}, NULL, 8) = 0
rt_sigaction(SIGRT_1, {sa_handler=0x7f676ce90c90, sa_mask=[], sa_flags=SA_RESTORER|SA_RESTART|SA_SIGINFO, sa_restorer=0x7f676ce9e420}, NULL, 8) = 0
rt_sigprocmask(SIG_UNBLOCK, [RTMIN RT_1], NULL, 8) = 0
prlimit64(0, RLIMIT_STACK, NULL, {rlim_cur=8192*1024, rlim_max=RLIM64_INFINITY}) = 0
brk(NULL)                               = 0x556bda56c000
brk(0x556bda58d000)                     = 0x556bda58d000
openat(AT_FDCWD, "/usr/lib/locale/locale-archive", O_RDONLY|O_CLOEXEC) = 3
fstat(3, {st_mode=S_IFREG|0644, st_size=3035952, ...}) = 0
mmap(NULL, 3035952, PROT_READ, MAP_PRIVATE, 3, 0) = 0x7f676c856000
close(3)                                = 0
openat(AT_FDCWD, "/usr/lib/x86_64-linux-gnu/gconv/gconv-modules.cache", O_RDONLY) = 3
fstat(3, {st_mode=S_IFREG|0644, st_size=27002, ...}) = 0
mmap(NULL, 27002, PROT_READ, MAP_SHARED, 3, 0) = 0x7f676ceb2000
close(3)                                = 0
futex(0x7f676cd2b954, FUTEX_WAKE_PRIVATE, 2147483647) = 0
getcwd("/workspaces/linux-in-plactice-2nd/1st", 4096) = 38
getrandom("\x6a\x78\xb2\x48\xd6\xf5\xf5\xb3\xdd\xf8\x29\xe0\x45\x14\x30\xa0\x5e\xbc\x16\x9f\x1a\x6d\x1e\x8d", 24, GRND_NONBLOCK) = 24
mmap(NULL, 1048576, PROT_READ|PROT_WRITE, MAP_PRIVATE|MAP_ANONYMOUS, -1, 0) = 0x7f676c756000
brk(0x556bda5ae000)                     = 0x556bda5ae000
brk(0x556bda5d3000)                     = 0x556bda5d3000
stat("/home/codespace/.asdf/shims/python3", 0x7fff691d9010) = -1 ENOENT (No such file or directory)
stat("/home/codespace/.asdf/bin/python3", 0x7fff691d9010) = -1 ENOENT (No such file or directory)
stat("/usr/local/rvm/gems/ruby-3.1.2/bin/python3", 0x7fff691d9010) = -1 ENOENT (No such file or directory)
stat("/usr/local/rvm/gems/ruby-3.1.2@global/bin/python3", 0x7fff691d9010) = -1 ENOENT (No such file or directory)
stat("/usr/local/rvm/rubies/ruby-3.1.2/bin/python3", 0x7fff691d9010) = -1 ENOENT (No such file or directory)
stat("/vscode/bin/linux-x64/d045a5eda657f4d7b676dedbfa7aab8207f8a075/bin/remote-cli/python3", 0x7fff691d9010) = -1 ENOENT (No such file or directory)
stat("/home/codespace/.local/bin/python3", 0x7fff691d9010) = -1 ENOENT (No such file or directory)
stat("/home/codespace/.dotnet/python3", 0x7fff691d9010) = -1 ENOENT (No such file or directory)
stat("/home/codespace/.nodejs/current/bin/python3", 0x7fff691d9010) = -1 ENOENT (No such file or directory)
stat("/home/codespace/.php/current/bin/python3", 0x7fff691d9010) = -1 ENOENT (No such file or directory)
stat("/home/codespace/.python/current/bin/python3", {st_mode=S_IFREG|0775, st_size=24123456, ...}) = 0
readlink("/home/codespace/.python/current/bin/python3", "python3.10", 4096) = 10
readlink("/home/codespace/.python/current/bin/python3.10", 0x7fff691d3ed0, 4096) = -1 EINVAL (Invalid argument)
openat(AT_FDCWD, "/home/codespace/.python/current/bin/pyvenv.cfg", O_RDONLY) = -1 ENOENT (No such file or directory)
openat(AT_FDCWD, "/home/codespace/.python/current/pyvenv.cfg", O_RDONLY) = -1 ENOENT (No such file or directory)
stat("/home/codespace/.python/current/bin/Modules/Setup.local", 0x7fff691d4e70) = -1 ENOENT (No such file or directory)
stat("/home/codespace/.python/current/bin/lib/python3.10/os.py", 0x7fff691d4d60) = -1 ENOENT (No such file or directory)
stat("/home/codespace/.python/current/bin/lib/python3.10/os.pyc", 0x7fff691d4d60) = -1 ENOENT (No such file or directory)
stat("/home/codespace/.python/current/lib/python3.10/os.py", {st_mode=S_IFREG|0664, st_size=39514, ...}) = 0
openat(AT_FDCWD, "/home/codespace/.python/current/bin/pybuilddir.txt", O_RDONLY) = -1 ENOENT (No such file or directory)
stat("/home/codespace/.python/current/bin/lib/python3.10/lib-dynload", 0x7fff691d3e60) = -1 ENOENT (No such file or directory)
stat("/home/codespace/.python/current/lib/python3.10/lib-dynload", {st_mode=S_IFDIR|S_ISGID|0775, st_size=4096, ...}) = 0
mmap(NULL, 1048576, PROT_READ|PROT_WRITE, MAP_PRIVATE|MAP_ANONYMOUS, -1, 0) = 0x7f676c656000
sysinfo({uptime=2589, loads=[107552, 103328, 83872], totalram=8344240128, freeram=381947904, sharedram=991232, bufferram=503005184, totalswap=0, freeswap=0, procs=683, totalhigh=0, freehigh=0, mem_unit=1}) = 0
brk(0x556bda5f4000)                     = 0x556bda5f4000
brk(0x556bda5f3000)                     = 0x556bda5f3000
openat(AT_FDCWD, "/etc/localtime", O_RDONLY|O_CLOEXEC) = 3
fstat(3, {st_mode=S_IFREG|0644, st_size=118, ...}) = 0
fstat(3, {st_mode=S_IFREG|0644, st_size=118, ...}) = 0
read(3, "TZif2\0\0\0\0\0\0\0\0\0\0\0\0\0\0\0\0\0\0\1\0\0\0\1\0\0\0\0"..., 4096) = 118
lseek(3, -62, SEEK_CUR)                 = 56
read(3, "TZif2\0\0\0\0\0\0\0\0\0\0\0\0\0\0\0\0\0\0\1\0\0\0\1\0\0\0\0"..., 4096) = 62
close(3)                                = 0
stat("/home/codespace/.python/current/lib/python310.zip", 0x7fff691d7730) = -1 ENOENT (No such file or directory)
stat("/home/codespace/.python/current/lib", {st_mode=S_IFDIR|S_ISGID|0775, st_size=4096, ...}) = 0
stat("/home/codespace/.python/current/lib/python310.zip", 0x7fff691d7510) = -1 ENOENT (No such file or directory)
stat("/home/codespace/.python/current/lib/python3.10", {st_mode=S_IFDIR|S_ISGID|0775, st_size=4096, ...}) = 0
stat("/home/codespace/.python/current/lib/python3.10", {st_mode=S_IFDIR|S_ISGID|0775, st_size=4096, ...}) = 0
stat("/home/codespace/.python/current/lib/python3.10", {st_mode=S_IFDIR|S_ISGID|0775, st_size=4096, ...}) = 0
openat(AT_FDCWD, "/home/codespace/.python/current/lib/python3.10", O_RDONLY|O_NONBLOCK|O_CLOEXEC|O_DIRECTORY) = 3
fstat(3, {st_mode=S_IFDIR|S_ISGID|0775, st_size=4096, ...}) = 0
getdents64(3, /* 207 entries */, 32768) = 6880
getdents64(3, /* 0 entries */, 32768)   = 0
close(3)                                = 0
stat("/home/codespace/.python/current/lib/python3.10/encodings/__init__.cpython-310-x86_64-linux-gnu.so", 0x7fff691d7920) = -1 ENOENT (No such file or directory)
stat("/home/codespace/.python/current/lib/python3.10/encodings/__init__.abi3.so", 0x7fff691d7920) = -1 ENOENT (No such file or directory)
stat("/home/codespace/.python/current/lib/python3.10/encodings/__init__.so", 0x7fff691d7920) = -1 ENOENT (No such file or directory)
stat("/home/codespace/.python/current/lib/python3.10/encodings/__init__.py", {st_mode=S_IFREG|0664, st_size=5620, ...}) = 0
stat("/home/codespace/.python/current/lib/python3.10/encodings/__init__.py", {st_mode=S_IFREG|0664, st_size=5620, ...}) = 0
openat(AT_FDCWD, "/home/codespace/.python/current/lib/python3.10/encodings/__pycache__/__init__.cpython-310.pyc", O_RDONLY|O_CLOEXEC) = 3
fcntl(3, F_GETFD)                       = 0x1 (flags FD_CLOEXEC)
fstat(3, {st_mode=S_IFREG|0664, st_size=3927, ...}) = 0
ioctl(3, TCGETS, 0x7fff691d7ce0)        = -1 ENOTTY (Inappropriate ioctl for device)
lseek(3, 0, SEEK_CUR)                   = 0
lseek(3, 0, SEEK_CUR)                   = 0
fstat(3, {st_mode=S_IFREG|0664, st_size=3927, ...}) = 0
read(3, "o\r\r\n\0\0\0\0\3/Oc\364\25\0\0\343\0\0\0\0\0\0\0\0\0\0\0\0\0\0\0"..., 3928) = 3927
read(3, "", 1)                          = 0
close(3)                                = 0
stat("/home/codespace/.python/current/lib/python3.10", {st_mode=S_IFDIR|S_ISGID|0775, st_size=4096, ...}) = 0
stat("/home/codespace/.python/current/lib/python3.10/codecs.py", {st_mode=S_IFREG|0664, st_size=36672, ...}) = 0
stat("/home/codespace/.python/current/lib/python3.10/codecs.py", {st_mode=S_IFREG|0664, st_size=36672, ...}) = 0
openat(AT_FDCWD, "/home/codespace/.python/current/lib/python3.10/__pycache__/codecs.cpython-310.pyc", O_RDONLY|O_CLOEXEC) = 3
fstat(3, {st_mode=S_IFREG|0664, st_size=33199, ...}) = 0
ioctl(3, TCGETS, 0x7fff691d6ef0)        = -1 ENOTTY (Inappropriate ioctl for device)
lseek(3, 0, SEEK_CUR)                   = 0
lseek(3, 0, SEEK_CUR)                   = 0
fstat(3, {st_mode=S_IFREG|0664, st_size=33199, ...}) = 0
read(3, "o\r\r\n\0\0\0\0\2/Oc@\217\0\0\343\0\0\0\0\0\0\0\0\0\0\0\0\0\0\0"..., 33200) = 33199
read(3, "", 1)                          = 0
close(3)                                = 0
stat("/home/codespace/.python/current/lib/python3.10/encodings", {st_mode=S_IFDIR|S_ISGID|0775, st_size=4096, ...}) = 0
stat("/home/codespace/.python/current/lib/python3.10/encodings", {st_mode=S_IFDIR|S_ISGID|0775, st_size=4096, ...}) = 0
stat("/home/codespace/.python/current/lib/python3.10/encodings", {st_mode=S_IFDIR|S_ISGID|0775, st_size=4096, ...}) = 0
openat(AT_FDCWD, "/home/codespace/.python/current/lib/python3.10/encodings", O_RDONLY|O_NONBLOCK|O_CLOEXEC|O_DIRECTORY) = 3
fstat(3, {st_mode=S_IFDIR|S_ISGID|0775, st_size=4096, ...}) = 0
getdents64(3, /* 125 entries */, 32768) = 4224
getdents64(3, /* 0 entries */, 32768)   = 0
close(3)                                = 0
stat("/home/codespace/.python/current/lib/python3.10/encodings/aliases.py", {st_mode=S_IFREG|0664, st_size=15677, ...}) = 0
stat("/home/codespace/.python/current/lib/python3.10/encodings/aliases.py", {st_mode=S_IFREG|0664, st_size=15677, ...}) = 0
openat(AT_FDCWD, "/home/codespace/.python/current/lib/python3.10/encodings/__pycache__/aliases.cpython-310.pyc", O_RDONLY|O_CLOEXEC) = 3
fstat(3, {st_mode=S_IFREG|0664, st_size=10941, ...}) = 0
ioctl(3, TCGETS, 0x7fff691d68a0)        = -1 ENOTTY (Inappropriate ioctl for device)
lseek(3, 0, SEEK_CUR)                   = 0
lseek(3, 0, SEEK_CUR)                   = 0
fstat(3, {st_mode=S_IFREG|0664, st_size=10941, ...}) = 0
read(3, "o\r\r\n\0\0\0\0\3/Oc==\0\0\343\0\0\0\0\0\0\0\0\0\0\0\0\0\0\0"..., 10942) = 10941
read(3, "", 1)                          = 0
close(3)                                = 0
stat("/home/codespace/.python/current/lib/python3.10/encodings", {st_mode=S_IFDIR|S_ISGID|0775, st_size=4096, ...}) = 0
stat("/home/codespace/.python/current/lib/python3.10/encodings/utf_8.py", {st_mode=S_IFREG|0664, st_size=1005, ...}) = 0
stat("/home/codespace/.python/current/lib/python3.10/encodings/utf_8.py", {st_mode=S_IFREG|0664, st_size=1005, ...}) = 0
openat(AT_FDCWD, "/home/codespace/.python/current/lib/python3.10/encodings/__pycache__/utf_8.cpython-310.pyc", O_RDONLY|O_CLOEXEC) = 3
fstat(3, {st_mode=S_IFREG|0664, st_size=1617, ...}) = 0
ioctl(3, TCGETS, 0x7fff691d7d50)        = -1 ENOTTY (Inappropriate ioctl for device)
lseek(3, 0, SEEK_CUR)                   = 0
lseek(3, 0, SEEK_CUR)                   = 0
fstat(3, {st_mode=S_IFREG|0664, st_size=1617, ...}) = 0
read(3, "o\r\r\n\0\0\0\0\3/Oc\355\3\0\0\343\0\0\0\0\0\0\0\0\0\0\0\0\0\0\0"..., 1618) = 1617
read(3, "", 1)                          = 0
close(3)                                = 0
rt_sigaction(SIGPIPE, {sa_handler=SIG_IGN, sa_mask=[], sa_flags=SA_RESTORER|SA_ONSTACK, sa_restorer=0x7f676ce9e420}, {sa_handler=SIG_DFL, sa_mask=[], sa_flags=0}, 8) = 0
rt_sigaction(SIGXFSZ, {sa_handler=SIG_IGN, sa_mask=[], sa_flags=SA_RESTORER|SA_ONSTACK, sa_restorer=0x7f676ce9e420}, {sa_handler=SIG_DFL, sa_mask=[], sa_flags=0}, 8) = 0
rt_sigaction(SIGHUP, NULL, {sa_handler=SIG_DFL, sa_mask=[], sa_flags=0}, 8) = 0
rt_sigaction(SIGINT, NULL, {sa_handler=SIG_DFL, sa_mask=[], sa_flags=0}, 8) = 0
rt_sigaction(SIGQUIT, NULL, {sa_handler=SIG_DFL, sa_mask=[], sa_flags=0}, 8) = 0
rt_sigaction(SIGILL, NULL, {sa_handler=SIG_DFL, sa_mask=[], sa_flags=0}, 8) = 0
rt_sigaction(SIGTRAP, NULL, {sa_handler=SIG_DFL, sa_mask=[], sa_flags=0}, 8) = 0
rt_sigaction(SIGABRT, NULL, {sa_handler=SIG_DFL, sa_mask=[], sa_flags=0}, 8) = 0
rt_sigaction(SIGBUS, NULL, {sa_handler=SIG_DFL, sa_mask=[], sa_flags=0}, 8) = 0
rt_sigaction(SIGFPE, NULL, {sa_handler=SIG_DFL, sa_mask=[], sa_flags=0}, 8) = 0
rt_sigaction(SIGKILL, NULL, {sa_handler=SIG_DFL, sa_mask=[], sa_flags=0}, 8) = 0
rt_sigaction(SIGUSR1, NULL, {sa_handler=SIG_DFL, sa_mask=[], sa_flags=0}, 8) = 0
rt_sigaction(SIGSEGV, NULL, {sa_handler=SIG_DFL, sa_mask=[], sa_flags=0}, 8) = 0
rt_sigaction(SIGUSR2, NULL, {sa_handler=SIG_DFL, sa_mask=[], sa_flags=0}, 8) = 0
rt_sigaction(SIGPIPE, NULL, {sa_handler=SIG_IGN, sa_mask=[], sa_flags=SA_RESTORER|SA_ONSTACK, sa_restorer=0x7f676ce9e420}, 8) = 0
rt_sigaction(SIGALRM, NULL, {sa_handler=SIG_DFL, sa_mask=[], sa_flags=0}, 8) = 0
rt_sigaction(SIGTERM, NULL, {sa_handler=SIG_DFL, sa_mask=[], sa_flags=0}, 8) = 0
rt_sigaction(SIGSTKFLT, NULL, {sa_handler=SIG_DFL, sa_mask=[], sa_flags=0}, 8) = 0
rt_sigaction(SIGCHLD, NULL, {sa_handler=SIG_DFL, sa_mask=[], sa_flags=0}, 8) = 0
rt_sigaction(SIGCONT, NULL, {sa_handler=SIG_DFL, sa_mask=[], sa_flags=0}, 8) = 0
rt_sigaction(SIGSTOP, NULL, {sa_handler=SIG_DFL, sa_mask=[], sa_flags=0}, 8) = 0
rt_sigaction(SIGTSTP, NULL, {sa_handler=SIG_DFL, sa_mask=[], sa_flags=0}, 8) = 0
rt_sigaction(SIGTTIN, NULL, {sa_handler=SIG_DFL, sa_mask=[], sa_flags=0}, 8) = 0
rt_sigaction(SIGTTOU, NULL, {sa_handler=SIG_DFL, sa_mask=[], sa_flags=0}, 8) = 0
rt_sigaction(SIGURG, NULL, {sa_handler=SIG_DFL, sa_mask=[], sa_flags=0}, 8) = 0
rt_sigaction(SIGXCPU, NULL, {sa_handler=SIG_DFL, sa_mask=[], sa_flags=0}, 8) = 0
rt_sigaction(SIGXFSZ, NULL, {sa_handler=SIG_IGN, sa_mask=[], sa_flags=SA_RESTORER|SA_ONSTACK, sa_restorer=0x7f676ce9e420}, 8) = 0
rt_sigaction(SIGVTALRM, NULL, {sa_handler=SIG_DFL, sa_mask=[], sa_flags=0}, 8) = 0
rt_sigaction(SIGPROF, NULL, {sa_handler=SIG_DFL, sa_mask=[], sa_flags=0}, 8) = 0
rt_sigaction(SIGWINCH, NULL, {sa_handler=SIG_DFL, sa_mask=[], sa_flags=0}, 8) = 0
rt_sigaction(SIGIO, NULL, {sa_handler=SIG_DFL, sa_mask=[], sa_flags=0}, 8) = 0
rt_sigaction(SIGPWR, NULL, {sa_handler=SIG_DFL, sa_mask=[], sa_flags=0}, 8) = 0
rt_sigaction(SIGSYS, NULL, {sa_handler=SIG_DFL, sa_mask=[], sa_flags=0}, 8) = 0
rt_sigaction(SIGRT_2, NULL, {sa_handler=SIG_DFL, sa_mask=[], sa_flags=0}, 8) = 0
rt_sigaction(SIGRT_3, NULL, {sa_handler=SIG_DFL, sa_mask=[], sa_flags=0}, 8) = 0
rt_sigaction(SIGRT_4, NULL, {sa_handler=SIG_DFL, sa_mask=[], sa_flags=0}, 8) = 0
rt_sigaction(SIGRT_5, NULL, {sa_handler=SIG_DFL, sa_mask=[], sa_flags=0}, 8) = 0
rt_sigaction(SIGRT_6, NULL, {sa_handler=SIG_DFL, sa_mask=[], sa_flags=0}, 8) = 0
rt_sigaction(SIGRT_7, NULL, {sa_handler=SIG_DFL, sa_mask=[], sa_flags=0}, 8) = 0
rt_sigaction(SIGRT_8, NULL, {sa_handler=SIG_DFL, sa_mask=[], sa_flags=0}, 8) = 0
rt_sigaction(SIGRT_9, NULL, {sa_handler=SIG_DFL, sa_mask=[], sa_flags=0}, 8) = 0
rt_sigaction(SIGRT_10, NULL, {sa_handler=SIG_DFL, sa_mask=[], sa_flags=0}, 8) = 0
rt_sigaction(SIGRT_11, NULL, {sa_handler=SIG_DFL, sa_mask=[], sa_flags=0}, 8) = 0
rt_sigaction(SIGRT_12, NULL, {sa_handler=SIG_DFL, sa_mask=[], sa_flags=0}, 8) = 0
rt_sigaction(SIGRT_13, NULL, {sa_handler=SIG_DFL, sa_mask=[], sa_flags=0}, 8) = 0
rt_sigaction(SIGRT_14, NULL, {sa_handler=SIG_DFL, sa_mask=[], sa_flags=0}, 8) = 0
rt_sigaction(SIGRT_15, NULL, {sa_handler=SIG_DFL, sa_mask=[], sa_flags=0}, 8) = 0
rt_sigaction(SIGRT_16, NULL, {sa_handler=SIG_DFL, sa_mask=[], sa_flags=0}, 8) = 0
rt_sigaction(SIGRT_17, NULL, {sa_handler=SIG_DFL, sa_mask=[], sa_flags=0}, 8) = 0
rt_sigaction(SIGRT_18, NULL, {sa_handler=SIG_DFL, sa_mask=[], sa_flags=0}, 8) = 0
rt_sigaction(SIGRT_19, NULL, {sa_handler=SIG_DFL, sa_mask=[], sa_flags=0}, 8) = 0
rt_sigaction(SIGRT_20, NULL, {sa_handler=SIG_DFL, sa_mask=[], sa_flags=0}, 8) = 0
rt_sigaction(SIGRT_21, NULL, {sa_handler=SIG_DFL, sa_mask=[], sa_flags=0}, 8) = 0
rt_sigaction(SIGRT_22, NULL, {sa_handler=SIG_DFL, sa_mask=[], sa_flags=0}, 8) = 0
rt_sigaction(SIGRT_23, NULL, {sa_handler=SIG_DFL, sa_mask=[], sa_flags=0}, 8) = 0
rt_sigaction(SIGRT_24, NULL, {sa_handler=SIG_DFL, sa_mask=[], sa_flags=0}, 8) = 0
rt_sigaction(SIGRT_25, NULL, {sa_handler=SIG_DFL, sa_mask=[], sa_flags=0}, 8) = 0
rt_sigaction(SIGRT_26, NULL, {sa_handler=SIG_DFL, sa_mask=[], sa_flags=0}, 8) = 0
rt_sigaction(SIGRT_27, NULL, {sa_handler=SIG_DFL, sa_mask=[], sa_flags=0}, 8) = 0
rt_sigaction(SIGRT_28, NULL, {sa_handler=SIG_DFL, sa_mask=[], sa_flags=0}, 8) = 0
rt_sigaction(SIGRT_29, NULL, {sa_handler=SIG_DFL, sa_mask=[], sa_flags=0}, 8) = 0
rt_sigaction(SIGRT_30, NULL, {sa_handler=SIG_DFL, sa_mask=[], sa_flags=0}, 8) = 0
rt_sigaction(SIGRT_31, NULL, {sa_handler=SIG_DFL, sa_mask=[], sa_flags=0}, 8) = 0
rt_sigaction(SIGRT_32, NULL, {sa_handler=SIG_DFL, sa_mask=[], sa_flags=0}, 8) = 0
rt_sigaction(SIGINT, {sa_handler=0x556bd8719750, sa_mask=[], sa_flags=SA_RESTORER|SA_ONSTACK, sa_restorer=0x7f676ce9e420}, {sa_handler=SIG_DFL, sa_mask=[], sa_flags=0}, 8) = 0
fstat(0, {st_mode=S_IFCHR|0620, st_rdev=makedev(0x88, 0), ...}) = 0
stat("/home/codespace/.python/current/lib/python3.10", {st_mode=S_IFDIR|S_ISGID|0775, st_size=4096, ...}) = 0
stat("/home/codespace/.python/current/lib/python3.10/io.py", {st_mode=S_IFREG|0664, st_size=4196, ...}) = 0
stat("/home/codespace/.python/current/lib/python3.10/io.py", {st_mode=S_IFREG|0664, st_size=4196, ...}) = 0
openat(AT_FDCWD, "/home/codespace/.python/current/lib/python3.10/__pycache__/io.cpython-310.pyc", O_RDONLY|O_CLOEXEC) = 3
fstat(3, {st_mode=S_IFREG|0664, st_size=3683, ...}) = 0
ioctl(3, TCGETS, 0x7fff691d7e30)        = -1 ENOTTY (Inappropriate ioctl for device)
lseek(3, 0, SEEK_CUR)                   = 0
lseek(3, 0, SEEK_CUR)                   = 0
fstat(3, {st_mode=S_IFREG|0664, st_size=3683, ...}) = 0
read(3, "o\r\r\n\0\0\0\0\2/Ocd\20\0\0\343\0\0\0\0\0\0\0\0\0\0\0\0\0\0\0"..., 3684) = 3683
read(3, "", 1)                          = 0
close(3)                                = 0
stat("/home/codespace/.python/current/lib/python3.10", {st_mode=S_IFDIR|S_ISGID|0775, st_size=4096, ...}) = 0
stat("/home/codespace/.python/current/lib/python3.10/abc.py", {st_mode=S_IFREG|0664, st_size=6522, ...}) = 0
stat("/home/codespace/.python/current/lib/python3.10/abc.py", {st_mode=S_IFREG|0664, st_size=6522, ...}) = 0
openat(AT_FDCWD, "/home/codespace/.python/current/lib/python3.10/__pycache__/abc.cpython-310.pyc", O_RDONLY|O_CLOEXEC) = 3
fstat(3, {st_mode=S_IFREG|0664, st_size=6771, ...}) = 0
ioctl(3, TCGETS, 0x7fff691d7040)        = -1 ENOTTY (Inappropriate ioctl for device)
lseek(3, 0, SEEK_CUR)                   = 0
lseek(3, 0, SEEK_CUR)                   = 0
fstat(3, {st_mode=S_IFREG|0664, st_size=6771, ...}) = 0
read(3, "o\r\r\n\0\0\0\0\2/Ocz\31\0\0\343\0\0\0\0\0\0\0\0\0\0\0\0\0\0\0"..., 6772) = 6771
read(3, "", 1)                          = 0
close(3)                                = 0
dup(0)                                  = 3
close(3)                                = 0
fstat(0, {st_mode=S_IFCHR|0620, st_rdev=makedev(0x88, 0), ...}) = 0
ioctl(0, TCGETS, {B38400 opost isig icanon echo ...}) = 0
lseek(0, 0, SEEK_CUR)                   = -1 ESPIPE (Illegal seek)
ioctl(0, TCGETS, {B38400 opost isig icanon echo ...}) = 0
dup(1)                                  = 3
close(3)                                = 0
fstat(1, {st_mode=S_IFCHR|0620, st_rdev=makedev(0x88, 0), ...}) = 0
ioctl(1, TCGETS, {B38400 opost isig icanon echo ...}) = 0
lseek(1, 0, SEEK_CUR)                   = -1 ESPIPE (Illegal seek)
ioctl(1, TCGETS, {B38400 opost isig icanon echo ...}) = 0
dup(2)                                  = 3
close(3)                                = 0
fstat(2, {st_mode=S_IFCHR|0620, st_rdev=makedev(0x88, 0), ...}) = 0
ioctl(2, TCGETS, {B38400 opost isig icanon echo ...}) = 0
lseek(2, 0, SEEK_CUR)                   = -1 ESPIPE (Illegal seek)
ioctl(2, TCGETS, {B38400 opost isig icanon echo ...}) = 0
stat("/home/codespace/.python/current/lib/python3.10", {st_mode=S_IFDIR|S_ISGID|0775, st_size=4096, ...}) = 0
stat("/home/codespace/.python/current/lib/python3.10/site.py", {st_mode=S_IFREG|0664, st_size=22587, ...}) = 0
stat("/home/codespace/.python/current/lib/python3.10/site.py", {st_mode=S_IFREG|0664, st_size=22587, ...}) = 0
openat(AT_FDCWD, "/home/codespace/.python/current/lib/python3.10/__pycache__/site.cpython-310.pyc", O_RDONLY|O_CLOEXEC) = 3
fstat(3, {st_mode=S_IFREG|0664, st_size=17400, ...}) = 0
ioctl(3, TCGETS, 0x7fff691d7e30)        = -1 ENOTTY (Inappropriate ioctl for device)
lseek(3, 0, SEEK_CUR)                   = 0
lseek(3, 0, SEEK_CUR)                   = 0
fstat(3, {st_mode=S_IFREG|0664, st_size=17400, ...}) = 0
brk(0x556bda615000)                     = 0x556bda615000
read(3, "o\r\r\n\0\0\0\0\2/Oc;X\0\0\343\0\0\0\0\0\0\0\0\0\0\0\0\0\0\0"..., 17401) = 17400
read(3, "", 1)                          = 0
close(3)                                = 0
brk(0x556bda610000)                     = 0x556bda610000
stat("/home/codespace/.python/current/lib/python3.10", {st_mode=S_IFDIR|S_ISGID|0775, st_size=4096, ...}) = 0
stat("/home/codespace/.python/current/lib/python3.10/os.py", {st_mode=S_IFREG|0664, st_size=39514, ...}) = 0
stat("/home/codespace/.python/current/lib/python3.10/os.py", {st_mode=S_IFREG|0664, st_size=39514, ...}) = 0
openat(AT_FDCWD, "/home/codespace/.python/current/lib/python3.10/__pycache__/os.cpython-310.pyc", O_RDONLY|O_CLOEXEC) = 3
fstat(3, {st_mode=S_IFREG|0664, st_size=31576, ...}) = 0
ioctl(3, TCGETS, 0x7fff691d7040)        = -1 ENOTTY (Inappropriate ioctl for device)
lseek(3, 0, SEEK_CUR)                   = 0
lseek(3, 0, SEEK_CUR)                   = 0
fstat(3, {st_mode=S_IFREG|0664, st_size=31576, ...}) = 0
read(3, "o\r\r\n\0\0\0\0\2/OcZ\232\0\0\343\0\0\0\0\0\0\0\0\0\0\0\0\0\0\0"..., 31577) = 31576
read(3, "", 1)                          = 0
close(3)                                = 0
mmap(NULL, 151552, PROT_READ|PROT_WRITE, MAP_PRIVATE|MAP_ANONYMOUS, -1, 0) = 0x7f676c631000
stat("/home/codespace/.python/current/lib/python3.10", {st_mode=S_IFDIR|S_ISGID|0775, st_size=4096, ...}) = 0
stat("/home/codespace/.python/current/lib/python3.10/stat.py", {st_mode=S_IFREG|0664, st_size=5485, ...}) = 0
stat("/home/codespace/.python/current/lib/python3.10/stat.py", {st_mode=S_IFREG|0664, st_size=5485, ...}) = 0
openat(AT_FDCWD, "/home/codespace/.python/current/lib/python3.10/__pycache__/stat.cpython-310.pyc", O_RDONLY|O_CLOEXEC) = 3
fstat(3, {st_mode=S_IFREG|0664, st_size=4293, ...}) = 0
ioctl(3, TCGETS, 0x7fff691d6250)        = -1 ENOTTY (Inappropriate ioctl for device)
lseek(3, 0, SEEK_CUR)                   = 0
lseek(3, 0, SEEK_CUR)                   = 0
fstat(3, {st_mode=S_IFREG|0664, st_size=4293, ...}) = 0
read(3, "o\r\r\n\0\0\0\0\2/Ocm\25\0\0\343\0\0\0\0\0\0\0\0\0\0\0\0\0\0\0"..., 4294) = 4293
read(3, "", 1)                          = 0
close(3)                                = 0
stat("/home/codespace/.python/current/lib/python3.10", {st_mode=S_IFDIR|S_ISGID|0775, st_size=4096, ...}) = 0
stat("/home/codespace/.python/current/lib/python3.10/_collections_abc.py", {st_mode=S_IFREG|0664, st_size=32045, ...}) = 0
stat("/home/codespace/.python/current/lib/python3.10/_collections_abc.py", {st_mode=S_IFREG|0664, st_size=32045, ...}) = 0
openat(AT_FDCWD, "/home/codespace/.python/current/lib/python3.10/__pycache__/_collections_abc.cpython-310.pyc", O_RDONLY|O_CLOEXEC) = 3
fstat(3, {st_mode=S_IFREG|0664, st_size=32857, ...}) = 0
ioctl(3, TCGETS, 0x7fff691d6250)        = -1 ENOTTY (Inappropriate ioctl for device)
lseek(3, 0, SEEK_CUR)                   = 0
lseek(3, 0, SEEK_CUR)                   = 0
fstat(3, {st_mode=S_IFREG|0664, st_size=32857, ...}) = 0
read(3, "o\r\r\n\0\0\0\0\2/Oc-}\0\0\343\0\0\0\0\0\0\0\0\0\0\0\0\0\0\0"..., 32858) = 32857
read(3, "", 1)                          = 0
close(3)                                = 0
stat("/home/codespace/.python/current/lib/python3.10", {st_mode=S_IFDIR|S_ISGID|0775, st_size=4096, ...}) = 0
stat("/home/codespace/.python/current/lib/python3.10/posixpath.py", {st_mode=S_IFREG|0664, st_size=16222, ...}) = 0
stat("/home/codespace/.python/current/lib/python3.10/posixpath.py", {st_mode=S_IFREG|0664, st_size=16222, ...}) = 0
openat(AT_FDCWD, "/home/codespace/.python/current/lib/python3.10/__pycache__/posixpath.cpython-310.pyc", O_RDONLY|O_CLOEXEC) = 3
fstat(3, {st_mode=S_IFREG|0664, st_size=10535, ...}) = 0
ioctl(3, TCGETS, 0x7fff691d6250)        = -1 ENOTTY (Inappropriate ioctl for device)
lseek(3, 0, SEEK_CUR)                   = 0
lseek(3, 0, SEEK_CUR)                   = 0
fstat(3, {st_mode=S_IFREG|0664, st_size=10535, ...}) = 0
read(3, "o\r\r\n\0\0\0\0\2/Oc^?\0\0\343\0\0\0\0\0\0\0\0\0\0\0\0\0\0\0"..., 10536) = 10535
read(3, "", 1)                          = 0
close(3)                                = 0
stat("/home/codespace/.python/current/lib/python3.10", {st_mode=S_IFDIR|S_ISGID|0775, st_size=4096, ...}) = 0
stat("/home/codespace/.python/current/lib/python3.10/genericpath.py", {st_mode=S_IFREG|0664, st_size=4975, ...}) = 0
stat("/home/codespace/.python/current/lib/python3.10/genericpath.py", {st_mode=S_IFREG|0664, st_size=4975, ...}) = 0
openat(AT_FDCWD, "/home/codespace/.python/current/lib/python3.10/__pycache__/genericpath.cpython-310.pyc", O_RDONLY|O_CLOEXEC) = 3
fstat(3, {st_mode=S_IFREG|0664, st_size=3927, ...}) = 0
ioctl(3, TCGETS, 0x7fff691d5460)        = -1 ENOTTY (Inappropriate ioctl for device)
lseek(3, 0, SEEK_CUR)                   = 0
lseek(3, 0, SEEK_CUR)                   = 0
fstat(3, {st_mode=S_IFREG|0664, st_size=3927, ...}) = 0
read(3, "o\r\r\n\0\0\0\0\2/Oco\23\0\0\343\0\0\0\0\0\0\0\0\0\0\0\0\0\0\0"..., 3928) = 3927
read(3, "", 1)                          = 0
close(3)                                = 0
stat("/home/codespace/.python/current/lib/python3.10", {st_mode=S_IFDIR|S_ISGID|0775, st_size=4096, ...}) = 0
stat("/home/codespace/.python/current/lib/python3.10/_sitebuiltins.py", {st_mode=S_IFREG|0664, st_size=3128, ...}) = 0
stat("/home/codespace/.python/current/lib/python3.10/_sitebuiltins.py", {st_mode=S_IFREG|0664, st_size=3128, ...}) = 0
openat(AT_FDCWD, "/home/codespace/.python/current/lib/python3.10/__pycache__/_sitebuiltins.cpython-310.pyc", O_RDONLY|O_CLOEXEC) = 3
fstat(3, {st_mode=S_IFREG|0664, st_size=3567, ...}) = 0
ioctl(3, TCGETS, 0x7fff691d7040)        = -1 ENOTTY (Inappropriate ioctl for device)
lseek(3, 0, SEEK_CUR)                   = 0
lseek(3, 0, SEEK_CUR)                   = 0
fstat(3, {st_mode=S_IFREG|0664, st_size=3567, ...}) = 0
read(3, "o\r\r\n\0\0\0\0\2/Oc8\f\0\0\343\0\0\0\0\0\0\0\0\0\0\0\0\0\0\0"..., 3568) = 3567
read(3, "", 1)                          = 0
close(3)                                = 0
stat("/home/codespace/.python/current/bin/pyvenv.cfg", 0x7fff691d7890) = -1 ENOENT (No such file or directory)
stat("/home/codespace/.python/current/pyvenv.cfg", 0x7fff691d7890) = -1 ENOENT (No such file or directory)
geteuid()                               = 1000
getuid()                                = 1000
getegid()                               = 1000
getgid()                                = 1000
stat("/home/codespace/.local/lib/python3.10/site-packages", {st_mode=S_IFDIR|S_ISGID|0775, st_size=12288, ...}) = 0
openat(AT_FDCWD, "/home/codespace/.local/lib/python3.10/site-packages", O_RDONLY|O_NONBLOCK|O_CLOEXEC|O_DIRECTORY) = 3
fstat(3, {st_mode=S_IFDIR|S_ISGID|0775, st_size=12288, ...}) = 0
getdents64(3, /* 268 entries */, 32768) = 11096
getdents64(3, /* 0 entries */, 32768)   = 0
close(3)                                = 0
openat(AT_FDCWD, "/home/codespace/.local/lib/python3.10/site-packages/google_auth-2.13.0-py3.9-nspkg.pth", O_RDONLY|O_CLOEXEC) = 3
fstat(3, {st_mode=S_IFREG|0664, st_size=539, ...}) = 0
ioctl(3, TCGETS, 0x7fff691d75f0)        = -1 ENOTTY (Inappropriate ioctl for device)
lseek(3, 0, SEEK_CUR)                   = 0
ioctl(3, TCGETS, 0x7fff691d7850)        = -1 ENOTTY (Inappropriate ioctl for device)
read(3, "import sys, types, os;has_mfs = "..., 8192) = 539
stat("/home/codespace/.python/current/lib/python3.10", {st_mode=S_IFDIR|S_ISGID|0775, st_size=4096, ...}) = 0
stat("/home/codespace/.python/current/lib/python3.10/types.py", {st_mode=S_IFREG|0664, st_size=10117, ...}) = 0
stat("/home/codespace/.python/current/lib/python3.10/types.py", {st_mode=S_IFREG|0664, st_size=10117, ...}) = 0
openat(AT_FDCWD, "/home/codespace/.python/current/lib/python3.10/__pycache__/types.cpython-310.pyc", O_RDONLY|O_CLOEXEC) = 4
fstat(4, {st_mode=S_IFREG|0664, st_size=9553, ...}) = 0
ioctl(4, TCGETS, 0x7fff691d6610)        = -1 ENOTTY (Inappropriate ioctl for device)
lseek(4, 0, SEEK_CUR)                   = 0
lseek(4, 0, SEEK_CUR)                   = 0
fstat(4, {st_mode=S_IFREG|0664, st_size=9553, ...}) = 0
read(4, "o\r\r\n\0\0\0\0\2/Oc\205'\0\0\343\0\0\0\0\0\0\0\0\0\0\0\0\0\0\0"..., 9554) = 9553
read(4, "", 1)                          = 0
close(4)                                = 0
stat("/home/codespace/.python/current/lib/python3.10", {st_mode=S_IFDIR|S_ISGID|0775, st_size=4096, ...}) = 0
stat("/home/codespace/.python/current/lib/python3.10/importlib/__init__.cpython-310-x86_64-linux-gnu.so", 0x7fff691d5980) = -1 ENOENT (No such file or directory)
stat("/home/codespace/.python/current/lib/python3.10/importlib/__init__.abi3.so", 0x7fff691d5980) = -1 ENOENT (No such file or directory)
stat("/home/codespace/.python/current/lib/python3.10/importlib/__init__.so", 0x7fff691d5980) = -1 ENOENT (No such file or directory)
stat("/home/codespace/.python/current/lib/python3.10/importlib/__init__.py", {st_mode=S_IFREG|0664, st_size=6089, ...}) = 0
stat("/home/codespace/.python/current/lib/python3.10/importlib/__init__.py", {st_mode=S_IFREG|0664, st_size=6089, ...}) = 0
openat(AT_FDCWD, "/home/codespace/.python/current/lib/python3.10/importlib/__pycache__/__init__.cpython-310.pyc", O_RDONLY|O_CLOEXEC) = 4
fstat(4, {st_mode=S_IFREG|0664, st_size=3825, ...}) = 0
ioctl(4, TCGETS, 0x7fff691d5d40)        = -1 ENOTTY (Inappropriate ioctl for device)
lseek(4, 0, SEEK_CUR)                   = 0
lseek(4, 0, SEEK_CUR)                   = 0
fstat(4, {st_mode=S_IFREG|0664, st_size=3825, ...}) = 0
read(4, "o\r\r\n\0\0\0\0\3/Oc\311\27\0\0\343\0\0\0\0\0\0\0\0\0\0\0\0\0\0\0"..., 3826) = 3825
read(4, "", 1)                          = 0
close(4)                                = 0
stat("/home/codespace/.python/current/lib/python3.10", {st_mode=S_IFDIR|S_ISGID|0775, st_size=4096, ...}) = 0
stat("/home/codespace/.python/current/lib/python3.10/warnings.py", {st_mode=S_IFREG|0664, st_size=19688, ...}) = 0
stat("/home/codespace/.python/current/lib/python3.10/warnings.py", {st_mode=S_IFREG|0664, st_size=19688, ...}) = 0
openat(AT_FDCWD, "/home/codespace/.python/current/lib/python3.10/__pycache__/warnings.cpython-310.pyc", O_RDONLY|O_CLOEXEC) = 4
fstat(4, {st_mode=S_IFREG|0664, st_size=13678, ...}) = 0
ioctl(4, TCGETS, 0x7fff691d4f50)        = -1 ENOTTY (Inappropriate ioctl for device)
lseek(4, 0, SEEK_CUR)                   = 0
lseek(4, 0, SEEK_CUR)                   = 0
fstat(4, {st_mode=S_IFREG|0664, st_size=13678, ...}) = 0
read(4, "o\r\r\n\0\0\0\0\2/Oc\350L\0\0\343\0\0\0\0\0\0\0\0\0\0\0\0\0\0\0"..., 13679) = 13678
read(4, "", 1)                          = 0
close(4)                                = 0
stat("/home/codespace/.python/current/lib/python3.10/importlib", {st_mode=S_IFDIR|S_ISGID|0775, st_size=4096, ...}) = 0
stat("/home/codespace/.python/current/lib/python3.10/importlib", {st_mode=S_IFDIR|S_ISGID|0775, st_size=4096, ...}) = 0
stat("/home/codespace/.python/current/lib/python3.10/importlib", {st_mode=S_IFDIR|S_ISGID|0775, st_size=4096, ...}) = 0
openat(AT_FDCWD, "/home/codespace/.python/current/lib/python3.10/importlib", O_RDONLY|O_NONBLOCK|O_CLOEXEC|O_DIRECTORY) = 4
fstat(4, {st_mode=S_IFDIR|S_ISGID|0775, st_size=4096, ...}) = 0
getdents64(4, /* 15 entries */, 32768)  = 488
getdents64(4, /* 0 entries */, 32768)   = 0
close(4)                                = 0
stat("/home/codespace/.python/current/lib/python3.10/importlib/util.py", {st_mode=S_IFREG|0664, st_size=11487, ...}) = 0
stat("/home/codespace/.python/current/lib/python3.10/importlib/util.py", {st_mode=S_IFREG|0664, st_size=11487, ...}) = 0
openat(AT_FDCWD, "/home/codespace/.python/current/lib/python3.10/importlib/__pycache__/util.cpython-310.pyc", O_RDONLY|O_CLOEXEC) = 4
fstat(4, {st_mode=S_IFREG|0664, st_size=9349, ...}) = 0
ioctl(4, TCGETS, 0x7fff691d6550)        = -1 ENOTTY (Inappropriate ioctl for device)
lseek(4, 0, SEEK_CUR)                   = 0
lseek(4, 0, SEEK_CUR)                   = 0
fstat(4, {st_mode=S_IFREG|0664, st_size=9349, ...}) = 0
read(4, "o\r\r\n\0\0\0\0\3/Oc\337,\0\0\343\0\0\0\0\0\0\0\0\0\0\0\0\0\0\0"..., 9350) = 9349
read(4, "", 1)                          = 0
close(4)                                = 0
stat("/home/codespace/.python/current/lib/python3.10/importlib", {st_mode=S_IFDIR|S_ISGID|0775, st_size=4096, ...}) = 0
stat("/home/codespace/.python/current/lib/python3.10/importlib/_abc.py", {st_mode=S_IFREG|0664, st_size=1852, ...}) = 0
stat("/home/codespace/.python/current/lib/python3.10/importlib/_abc.py", {st_mode=S_IFREG|0664, st_size=1852, ...}) = 0
openat(AT_FDCWD, "/home/codespace/.python/current/lib/python3.10/importlib/__pycache__/_abc.cpython-310.pyc", O_RDONLY|O_CLOEXEC) = 4
fstat(4, {st_mode=S_IFREG|0664, st_size=1991, ...}) = 0
ioctl(4, TCGETS, 0x7fff691d5760)        = -1 ENOTTY (Inappropriate ioctl for device)
lseek(4, 0, SEEK_CUR)                   = 0
lseek(4, 0, SEEK_CUR)                   = 0
fstat(4, {st_mode=S_IFREG|0664, st_size=1991, ...}) = 0
read(4, "o\r\r\n\0\0\0\0\3/Oc<\7\0\0\343\0\0\0\0\0\0\0\0\0\0\0\0\0\0\0"..., 1992) = 1991
read(4, "", 1)                          = 0
close(4)                                = 0
stat("/home/codespace/.python/current/lib/python3.10", {st_mode=S_IFDIR|S_ISGID|0775, st_size=4096, ...}) = 0
stat("/home/codespace/.python/current/lib/python3.10/contextlib.py", {st_mode=S_IFREG|0664, st_size=25882, ...}) = 0
stat("/home/codespace/.python/current/lib/python3.10/contextlib.py", {st_mode=S_IFREG|0664, st_size=25882, ...}) = 0
openat(AT_FDCWD, "/home/codespace/.python/current/lib/python3.10/__pycache__/contextlib.cpython-310.pyc", O_RDONLY|O_CLOEXEC) = 4
fstat(4, {st_mode=S_IFREG|0664, st_size=20919, ...}) = 0
ioctl(4, TCGETS, 0x7fff691d5760)        = -1 ENOTTY (Inappropriate ioctl for device)
lseek(4, 0, SEEK_CUR)                   = 0
lseek(4, 0, SEEK_CUR)                   = 0
fstat(4, {st_mode=S_IFREG|0664, st_size=20919, ...}) = 0
read(4, "o\r\r\n\0\0\0\0\2/Oc\32e\0\0\343\0\0\0\0\0\0\0\0\0\0\0\0\0\0\0"..., 20920) = 20919
read(4, "", 1)                          = 0
close(4)                                = 0
stat("/home/codespace/.python/current/lib/python3.10", {st_mode=S_IFDIR|S_ISGID|0775, st_size=4096, ...}) = 0
stat("/home/codespace/.python/current/lib/python3.10/collections/__init__.cpython-310-x86_64-linux-gnu.so", 0x7fff691d45b0) = -1 ENOENT (No such file or directory)
stat("/home/codespace/.python/current/lib/python3.10/collections/__init__.abi3.so", 0x7fff691d45b0) = -1 ENOENT (No such file or directory)
stat("/home/codespace/.python/current/lib/python3.10/collections/__init__.so", 0x7fff691d45b0) = -1 ENOENT (No such file or directory)
stat("/home/codespace/.python/current/lib/python3.10/collections/__init__.py", {st_mode=S_IFREG|0664, st_size=51398, ...}) = 0
stat("/home/codespace/.python/current/lib/python3.10/collections/__init__.py", {st_mode=S_IFREG|0664, st_size=51398, ...}) = 0
openat(AT_FDCWD, "/home/codespace/.python/current/lib/python3.10/collections/__pycache__/__init__.cpython-310.pyc", O_RDONLY|O_CLOEXEC) = 4
fstat(4, {st_mode=S_IFREG|0664, st_size=48475, ...}) = 0
ioctl(4, TCGETS, 0x7fff691d4970)        = -1 ENOTTY (Inappropriate ioctl for device)
lseek(4, 0, SEEK_CUR)                   = 0
lseek(4, 0, SEEK_CUR)                   = 0
fstat(4, {st_mode=S_IFREG|0664, st_size=48475, ...}) = 0
brk(0x556bda634000)                     = 0x556bda634000
read(4, "o\r\r\n\0\0\0\0\2/Oc\306\310\0\0\343\0\0\0\0\0\0\0\0\0\0\0\0\0\0\0"..., 48476) = 48475
read(4, "", 1)                          = 0
close(4)                                = 0
stat("/home/codespace/.python/current/lib/python3.10", {st_mode=S_IFDIR|S_ISGID|0775, st_size=4096, ...}) = 0
stat("/home/codespace/.python/current/lib/python3.10/keyword.py", {st_mode=S_IFREG|0664, st_size=1061, ...}) = 0
stat("/home/codespace/.python/current/lib/python3.10/keyword.py", {st_mode=S_IFREG|0664, st_size=1061, ...}) = 0
openat(AT_FDCWD, "/home/codespace/.python/current/lib/python3.10/__pycache__/keyword.cpython-310.pyc", O_RDONLY|O_CLOEXEC) = 4
fstat(4, {st_mode=S_IFREG|0664, st_size=947, ...}) = 0
ioctl(4, TCGETS, 0x7fff691d3b80)        = -1 ENOTTY (Inappropriate ioctl for device)
lseek(4, 0, SEEK_CUR)                   = 0
lseek(4, 0, SEEK_CUR)                   = 0
fstat(4, {st_mode=S_IFREG|0664, st_size=947, ...}) = 0
read(4, "o\r\r\n\0\0\0\0\2/Oc%\4\0\0\343\0\0\0\0\0\0\0\0\0\0\0\0\0\0\0"..., 948) = 947
read(4, "", 1)                          = 0
close(4)                                = 0
stat("/home/codespace/.python/current/lib/python3.10", {st_mode=S_IFDIR|S_ISGID|0775, st_size=4096, ...}) = 0
stat("/home/codespace/.python/current/lib/python3.10/operator.py", {st_mode=S_IFREG|0664, st_size=10751, ...}) = 0
stat("/home/codespace/.python/current/lib/python3.10/operator.py", {st_mode=S_IFREG|0664, st_size=10751, ...}) = 0
openat(AT_FDCWD, "/home/codespace/.python/current/lib/python3.10/__pycache__/operator.cpython-310.pyc", O_RDONLY|O_CLOEXEC) = 4
fstat(4, {st_mode=S_IFREG|0664, st_size=13528, ...}) = 0
ioctl(4, TCGETS, 0x7fff691d3b80)        = -1 ENOTTY (Inappropriate ioctl for device)
lseek(4, 0, SEEK_CUR)                   = 0
lseek(4, 0, SEEK_CUR)                   = 0
fstat(4, {st_mode=S_IFREG|0664, st_size=13528, ...}) = 0
read(4, "o\r\r\n\0\0\0\0\2/Oc\377)\0\0\343\0\0\0\0\0\0\0\0\0\0\0\0\0\0\0"..., 13529) = 13528
read(4, "", 1)                          = 0
close(4)                                = 0
stat("/home/codespace/.python/current/lib/python3.10", {st_mode=S_IFDIR|S_ISGID|0775, st_size=4096, ...}) = 0
stat("/home/codespace/.python/current/lib/python3.10/reprlib.py", {st_mode=S_IFREG|0664, st_size=5267, ...}) = 0
stat("/home/codespace/.python/current/lib/python3.10/reprlib.py", {st_mode=S_IFREG|0664, st_size=5267, ...}) = 0
openat(AT_FDCWD, "/home/codespace/.python/current/lib/python3.10/__pycache__/reprlib.cpython-310.pyc", O_RDONLY|O_CLOEXEC) = 4
fstat(4, {st_mode=S_IFREG|0664, st_size=5270, ...}) = 0
ioctl(4, TCGETS, 0x7fff691d3b80)        = -1 ENOTTY (Inappropriate ioctl for device)
lseek(4, 0, SEEK_CUR)                   = 0
lseek(4, 0, SEEK_CUR)                   = 0
fstat(4, {st_mode=S_IFREG|0664, st_size=5270, ...}) = 0
read(4, "o\r\r\n\0\0\0\0\2/Oc\223\24\0\0\343\0\0\0\0\0\0\0\0\0\0\0\0\0\0\0"..., 5271) = 5270
read(4, "", 1)                          = 0
close(4)                                = 0
stat("/home/codespace/.python/current/lib/python3.10", {st_mode=S_IFDIR|S_ISGID|0775, st_size=4096, ...}) = 0
stat("/home/codespace/.python/current/lib/python3.10/functools.py", {st_mode=S_IFREG|0664, st_size=38076, ...}) = 0
stat("/home/codespace/.python/current/lib/python3.10/functools.py", {st_mode=S_IFREG|0664, st_size=38076, ...}) = 0
openat(AT_FDCWD, "/home/codespace/.python/current/lib/python3.10/__pycache__/functools.cpython-310.pyc", O_RDONLY|O_CLOEXEC) = 4
fstat(4, {st_mode=S_IFREG|0664, st_size=28369, ...}) = 0
ioctl(4, TCGETS, 0x7fff691d4970)        = -1 ENOTTY (Inappropriate ioctl for device)
lseek(4, 0, SEEK_CUR)                   = 0
lseek(4, 0, SEEK_CUR)                   = 0
fstat(4, {st_mode=S_IFREG|0664, st_size=28369, ...}) = 0
read(4, "o\r\r\n\0\0\0\0\2/Oc\274\224\0\0\343\0\0\0\0\0\0\0\0\0\0\0\0\0\0\0"..., 28370) = 28369
read(4, "", 1)                          = 0
close(4)                                = 0
mmap(NULL, 1048576, PROT_READ|PROT_WRITE, MAP_PRIVATE|MAP_ANONYMOUS, -1, 0) = 0x7f676c531000
stat("/home/codespace/.python/current/lib/python3.10/importlib", {st_mode=S_IFDIR|S_ISGID|0775, st_size=4096, ...}) = 0
stat("/home/codespace/.python/current/lib/python3.10/importlib/machinery.py", {st_mode=S_IFREG|0664, st_size=831, ...}) = 0
stat("/home/codespace/.python/current/lib/python3.10/importlib/machinery.py", {st_mode=S_IFREG|0664, st_size=831, ...}) = 0
openat(AT_FDCWD, "/home/codespace/.python/current/lib/python3.10/importlib/__pycache__/machinery.cpython-310.pyc", O_RDONLY|O_CLOEXEC) = 4
fstat(4, {st_mode=S_IFREG|0664, st_size=964, ...}) = 0
ioctl(4, TCGETS, 0x7fff691d6550)        = -1 ENOTTY (Inappropriate ioctl for device)
lseek(4, 0, SEEK_CUR)                   = 0
lseek(4, 0, SEEK_CUR)                   = 0
fstat(4, {st_mode=S_IFREG|0664, st_size=964, ...}) = 0
read(4, "o\r\r\n\0\0\0\0\3/Oc?\3\0\0\343\0\0\0\0\0\0\0\0\0\0\0\0\0\0\0"..., 965) = 964
read(4, "", 1)                          = 0
close(4)                                = 0
stat("/home/codespace/.local/lib/python3.10/site-packages", {st_mode=S_IFDIR|S_ISGID|0775, st_size=12288, ...}) = 0
stat("/home/codespace/.local/lib/python3.10/site-packages", {st_mode=S_IFDIR|S_ISGID|0775, st_size=12288, ...}) = 0
stat("/home/codespace/.local/lib/python3.10/site-packages", {st_mode=S_IFDIR|S_ISGID|0775, st_size=12288, ...}) = 0
openat(AT_FDCWD, "/home/codespace/.local/lib/python3.10/site-packages", O_RDONLY|O_NONBLOCK|O_CLOEXEC|O_DIRECTORY) = 4
fstat(4, {st_mode=S_IFDIR|S_ISGID|0775, st_size=12288, ...}) = 0
getdents64(4, /* 268 entries */, 32768) = 11096
getdents64(4, /* 0 entries */, 32768)   = 0
close(4)                                = 0
stat("/home/codespace/.local/lib/python3.10/site-packages/google/__init__.cpython-310-x86_64-linux-gnu.so", 0x7fff691d69c0) = -1 ENOENT (No such file or directory)
stat("/home/codespace/.local/lib/python3.10/site-packages/google/__init__.abi3.so", 0x7fff691d69c0) = -1 ENOENT (No such file or directory)
stat("/home/codespace/.local/lib/python3.10/site-packages/google/__init__.so", 0x7fff691d69c0) = -1 ENOENT (No such file or directory)
stat("/home/codespace/.local/lib/python3.10/site-packages/google/__init__.py", 0x7fff691d69c0) = -1 ENOENT (No such file or directory)
stat("/home/codespace/.local/lib/python3.10/site-packages/google/__init__.pyc", 0x7fff691d69c0) = -1 ENOENT (No such file or directory)
stat("/home/codespace/.local/lib/python3.10/site-packages/google", {st_mode=S_IFDIR|S_ISGID|0775, st_size=4096, ...}) = 0
read(3, "", 8192)                       = 0
close(3)                                = 0
openat(AT_FDCWD, "/home/codespace/.local/lib/python3.10/site-packages/matplotlib-3.6.0-py3.10-nspkg.pth", O_RDONLY|O_CLOEXEC) = 3
fstat(3, {st_mode=S_IFREG|0664, st_size=569, ...}) = 0
ioctl(3, TCGETS, 0x7fff691d75f0)        = -1 ENOTTY (Inappropriate ioctl for device)
lseek(3, 0, SEEK_CUR)                   = 0
ioctl(3, TCGETS, 0x7fff691d7850)        = -1 ENOTTY (Inappropriate ioctl for device)
read(3, "import sys, types, os;has_mfs = "..., 8192) = 569
stat("/home/codespace/.local/lib/python3.10/site-packages", {st_mode=S_IFDIR|S_ISGID|0775, st_size=12288, ...}) = 0
stat("/home/codespace/.local/lib/python3.10/site-packages/mpl_toolkits/__init__.cpython-310-x86_64-linux-gnu.so", 0x7fff691d69c0) = -1 ENOENT (No such file or directory)
stat("/home/codespace/.local/lib/python3.10/site-packages/mpl_toolkits/__init__.abi3.so", 0x7fff691d69c0) = -1 ENOENT (No such file or directory)
stat("/home/codespace/.local/lib/python3.10/site-packages/mpl_toolkits/__init__.so", 0x7fff691d69c0) = -1 ENOENT (No such file or directory)
stat("/home/codespace/.local/lib/python3.10/site-packages/mpl_toolkits/__init__.py", 0x7fff691d69c0) = -1 ENOENT (No such file or directory)
stat("/home/codespace/.local/lib/python3.10/site-packages/mpl_toolkits/__init__.pyc", 0x7fff691d69c0) = -1 ENOENT (No such file or directory)
stat("/home/codespace/.local/lib/python3.10/site-packages/mpl_toolkits", {st_mode=S_IFDIR|S_ISGID|0775, st_size=4096, ...}) = 0
read(3, "", 8192)                       = 0
close(3)                                = 0
openat(AT_FDCWD, "/home/codespace/.local/lib/python3.10/site-packages/protobuf-3.19.6-py3.10-nspkg.pth", O_RDONLY|O_CLOEXEC) = 3
fstat(3, {st_mode=S_IFREG|0664, st_size=539, ...}) = 0
ioctl(3, TCGETS, 0x7fff691d75f0)        = -1 ENOTTY (Inappropriate ioctl for device)
lseek(3, 0, SEEK_CUR)                   = 0
ioctl(3, TCGETS, 0x7fff691d7850)        = -1 ENOTTY (Inappropriate ioctl for device)
read(3, "import sys, types, os;has_mfs = "..., 8192) = 539
stat("/home/codespace/.local/lib/python3.10/site-packages", {st_mode=S_IFDIR|S_ISGID|0775, st_size=12288, ...}) = 0
stat("/home/codespace/.local/lib/python3.10/site-packages/google/__init__.cpython-310-x86_64-linux-gnu.so", 0x7fff691d69c0) = -1 ENOENT (No such file or directory)
stat("/home/codespace/.local/lib/python3.10/site-packages/google/__init__.abi3.so", 0x7fff691d69c0) = -1 ENOENT (No such file or directory)
stat("/home/codespace/.local/lib/python3.10/site-packages/google/__init__.so", 0x7fff691d69c0) = -1 ENOENT (No such file or directory)
stat("/home/codespace/.local/lib/python3.10/site-packages/google/__init__.py", 0x7fff691d69c0) = -1 ENOENT (No such file or directory)
stat("/home/codespace/.local/lib/python3.10/site-packages/google/__init__.pyc", 0x7fff691d69c0) = -1 ENOENT (No such file or directory)
stat("/home/codespace/.local/lib/python3.10/site-packages/google", {st_mode=S_IFDIR|S_ISGID|0775, st_size=4096, ...}) = 0
read(3, "", 8192)                       = 0
close(3)                                = 0
stat("/home/codespace/.python/current/lib/python3.10/site-packages", {st_mode=S_IFDIR|S_ISGID|0775, st_size=4096, ...}) = 0
openat(AT_FDCWD, "/home/codespace/.python/current/lib/python3.10/site-packages", O_RDONLY|O_NONBLOCK|O_CLOEXEC|O_DIRECTORY) = 3
fstat(3, {st_mode=S_IFDIR|S_ISGID|0775, st_size=4096, ...}) = 0
getdents64(3, /* 10 entries */, 32768)  = 352
getdents64(3, /* 0 entries */, 32768)   = 0
close(3)                                = 0
openat(AT_FDCWD, "/home/codespace/.python/current/lib/python3.10/site-packages/distutils-precedence.pth", O_RDONLY|O_CLOEXEC) = 3
fstat(3, {st_mode=S_IFREG|0664, st_size=152, ...}) = 0
ioctl(3, TCGETS, 0x7fff691d75f0)        = -1 ENOTTY (Inappropriate ioctl for device)
lseek(3, 0, SEEK_CUR)                   = 0
ioctl(3, TCGETS, 0x7fff691d7850)        = -1 ENOTTY (Inappropriate ioctl for device)
read(3, "import os; var = 'SETUPTOOLS_USE"..., 8192) = 152
read(3, "", 8192)                       = 0
close(3)                                = 0
stat("/home/codespace/.python/current/lib/python3.10", {st_mode=S_IFDIR|S_ISGID|0775, st_size=4096, ...}) = 0
stat("/home/codespace/.python/current/lib/python3.10/lib-dynload", {st_mode=S_IFDIR|S_ISGID|0775, st_size=4096, ...}) = 0
stat("/home/codespace/.python/current/lib/python3.10/lib-dynload", {st_mode=S_IFDIR|S_ISGID|0775, st_size=4096, ...}) = 0
stat("/home/codespace/.python/current/lib/python3.10/lib-dynload", {st_mode=S_IFDIR|S_ISGID|0775, st_size=4096, ...}) = 0
openat(AT_FDCWD, "/home/codespace/.python/current/lib/python3.10/lib-dynload", O_RDONLY|O_NONBLOCK|O_CLOEXEC|O_DIRECTORY) = 3
fstat(3, {st_mode=S_IFDIR|S_ISGID|0775, st_size=4096, ...}) = 0
getdents64(3, /* 77 entries */, 32768)  = 4840
getdents64(3, /* 0 entries */, 32768)   = 0
close(3)                                = 0
stat("/home/codespace/.local/lib/python3.10/site-packages", {st_mode=S_IFDIR|S_ISGID|0775, st_size=12288, ...}) = 0
stat("/home/codespace/.python/current/lib/python3.10/site-packages", {st_mode=S_IFDIR|S_ISGID|0775, st_size=4096, ...}) = 0
stat("/home/codespace/.python/current/lib/python3.10/site-packages", {st_mode=S_IFDIR|S_ISGID|0775, st_size=4096, ...}) = 0
stat("/home/codespace/.python/current/lib/python3.10/site-packages", {st_mode=S_IFDIR|S_ISGID|0775, st_size=4096, ...}) = 0
openat(AT_FDCWD, "/home/codespace/.python/current/lib/python3.10/site-packages", O_RDONLY|O_NONBLOCK|O_CLOEXEC|O_DIRECTORY) = 3
fstat(3, {st_mode=S_IFDIR|S_ISGID|0775, st_size=4096, ...}) = 0
getdents64(3, /* 10 entries */, 32768)  = 352
getdents64(3, /* 0 entries */, 32768)   = 0
close(3)                                = 0
stat("/home/codespace/.python/current/lib/python3.10", {st_mode=S_IFDIR|S_ISGID|0775, st_size=4096, ...}) = 0
stat("/home/codespace/.python/current/lib/python3.10/lib-dynload", {st_mode=S_IFDIR|S_ISGID|0775, st_size=4096, ...}) = 0
stat("/home/codespace/.local/lib/python3.10/site-packages", {st_mode=S_IFDIR|S_ISGID|0775, st_size=12288, ...}) = 0
stat("/home/codespace/.python/current/lib/python3.10/site-packages", {st_mode=S_IFDIR|S_ISGID|0775, st_size=4096, ...}) = 0
stat("/workspaces/linux-in-plactice-2nd/1st/./hello.py", {st_mode=S_IFREG|0666, st_size=41, ...}) = 0
openat(AT_FDCWD, "/workspaces/linux-in-plactice-2nd/1st/./hello.py", O_RDONLY|O_CLOEXEC) = 3
fstat(3, {st_mode=S_IFREG|0666, st_size=41, ...}) = 0
ioctl(3, TCGETS, 0x7fff691d8b60)        = -1 ENOTTY (Inappropriate ioctl for device)
lseek(3, 0, SEEK_CUR)                   = 0
lseek(3, -22, SEEK_END)                 = 19
lseek(3, 0, SEEK_CUR)                   = 19
read(3, "\nprint(\"hello world\")\n", 4096) = 22
lseek(3, 0, SEEK_END)                   = 41
lseek(3, 0, SEEK_CUR)                   = 41
lseek(3, 0, SEEK_SET)                   = 0
lseek(3, 0, SEEK_CUR)                   = 0
fstat(3, {st_mode=S_IFREG|0666, st_size=41, ...}) = 0
read(3, "#!/usr/bin/python3\n\nprint(\"hello"..., 42) = 41
read(3, "", 1)                          = 0
close(3)                                = 0
stat("/workspaces/linux-in-plactice-2nd/1st/./hello.py", {st_mode=S_IFREG|0666, st_size=41, ...}) = 0
readlink("./hello.py", 0x7fff691c8490, 4096) = -1 EINVAL (Invalid argument)
getcwd("/workspaces/linux-in-plactice-2nd/1st", 4096) = 38
lstat("/workspaces/linux-in-plactice-2nd/1st/hello.py", {st_mode=S_IFREG|0666, st_size=41, ...}) = 0
openat(AT_FDCWD, "/workspaces/linux-in-plactice-2nd/1st/./hello.py", O_RDONLY) = 3
ioctl(3, FIOCLEX)                       = 0
fstat(3, {st_mode=S_IFREG|0666, st_size=41, ...}) = 0
ioctl(3, TCGETS, 0x7fff691d9440)        = -1 ENOTTY (Inappropriate ioctl for device)
lseek(3, 0, SEEK_CUR)                   = 0
fstat(3, {st_mode=S_IFREG|0666, st_size=41, ...}) = 0
read(3, "#!/usr/bin/python3\n\nprint(\"hello"..., 4096) = 41
lseek(3, 0, SEEK_SET)                   = 0
read(3, "#!/usr/bin/python3\n\nprint(\"hello"..., 4096) = 41
read(3, "", 4096)                       = 0
close(3)                                = 0
write(1, "hello world\n", 12)           = 12
rt_sigaction(SIGINT, {sa_handler=SIG_DFL, sa_mask=[], sa_flags=SA_RESTORER|SA_ONSTACK, sa_restorer=0x7f676ce9e420}, {sa_handler=0x556bd8719750, sa_mask=[], sa_flags=SA_RESTORER|SA_ONSTACK, sa_restorer=0x7f676ce9e420}, 8) = 0
munmap(0x7f676c631000, 151552)          = 0
exit_group(0)                           = ?
+++ exited with 0 +++
